time="2025-04-29T09:24:52+03:00" level=info msg="CreateTask called" func="TODOLIST_Tasks/app/internal/tasks/handlers.(*Handler).Create()" file="handler.go:54" handler=tasks
time="2025-04-29T09:24:52+03:00" level=error msg="failed to unmarshal request body: invalid due_date format: parsing time \"\" as \"2006-01-02 15:04\": cannot parse \"\" as \"2006\"" func="TODOLIST_Tasks/app/internal/tasks/handlers.(*Handler).Create()" file="handler.go:74" handler=tasks
time="2025-04-29T09:26:03+03:00" level=info msg="CreateTask called" func="TODOLIST_Tasks/app/internal/tasks/handlers.(*Handler).Create()" file="handler.go:54" handler=tasks
time="2025-04-29T09:26:03+03:00" level=error msg="failed to unmarshal request body: json: cannot unmarshal number into Go struct field .priory of type string" func="TODOLIST_Tasks/app/internal/tasks/handlers.(*Handler).Create()" file="handler.go:74" handler=tasks
time="2025-04-29T09:27:23+03:00" level=info msg="CreateTask called" func="TODOLIST_Tasks/app/internal/tasks/handlers.(*Handler).Create()" file="handler.go:54" handler=tasks
time="2025-04-29T09:36:24+03:00" level=info msg="CreateTask called" func="TODOLIST_Tasks/app/internal/tasks/handlers.(*Handler).Create()" file="handler.go:54" handler=tasks
time="2025-04-29T09:37:30+03:00" level=info msg="CreateTask called" func="TODOLIST_Tasks/app/internal/tasks/handlers.(*Handler).Create()" file="handler.go:54" handler=tasks
time="2025-04-29T09:38:40+03:00" level=info msg="CreateTask called" func="TODOLIST_Tasks/app/internal/tasks/handlers.(*Handler).Create()" file="handler.go:54" handler=tasks
time="2025-04-29T09:39:52+03:00" level=info msg="CreateTask called" func="TODOLIST_Tasks/app/internal/tasks/handlers.(*Handler).Create()" file="handler.go:54" handler=tasks
time="2025-04-29T09:40:51+03:00" level=info msg="CreateTask called" func="TODOLIST_Tasks/app/internal/tasks/handlers.(*Handler).Create()" file="handler.go:54" handler=tasks
time="2025-04-29T09:43:17+03:00" level=info msg="CreateTask called" func="TODOLIST_Tasks/app/internal/tasks/handlers.(*Handler).Create()" file="handler.go:54" handler=tasks
time="2025-04-29T09:43:17+03:00" level=error msg="failed to unmarshal request body: invalid character '}' looking for beginning of object key string" func="TODOLIST_Tasks/app/internal/tasks/handlers.(*Handler).Create()" file="handler.go:74" handler=tasks
time="2025-04-29T09:44:08+03:00" level=info msg="CreateTask called" func="TODOLIST_Tasks/app/internal/tasks/handlers.(*Handler).Create()" file="handler.go:54" handler=tasks
time="2025-04-29T09:46:46+03:00" level=info msg="CreateTask called" func="TODOLIST_Tasks/app/internal/tasks/handlers.(*Handler).Create()" file="handler.go:54" handler=tasks
time="2025-04-29T09:48:15+03:00" level=info msg="CreateTask called" func="TODOLIST_Tasks/app/internal/tasks/handlers.(*Handler).Create()" file="handler.go:54" handler=tasks
time="2025-04-29T09:49:07+03:00" level=info msg="CreateTask called" func="TODOLIST_Tasks/app/internal/tasks/handlers.(*Handler).Create()" file="handler.go:54" handler=tasks
time="2025-04-29T09:52:15+03:00" level=info msg="CreateTask called" func="TODOLIST_Tasks/app/internal/tasks/handlers.(*Handler).Create()" file="handler.go:54" handler=tasks
time="2025-04-29T09:56:08+03:00" level=info msg="CreateTask called" func="TODOLIST_Tasks/app/internal/tasks/handlers.(*Handler).Create()" file="handler.go:54" handler=tasks
time="2025-04-29T09:56:46+03:00" level=info msg="CreateTask called" func="TODOLIST_Tasks/app/internal/tasks/handlers.(*Handler).Create()" file="handler.go:54" handler=tasks
time="2025-04-29T09:58:08+03:00" level=info msg="CreateTask called" func="TODOLIST_Tasks/app/internal/tasks/handlers.(*Handler).Create()" file="handler.go:54" handler=tasks
time="2025-04-29T09:58:22+03:00" level=info msg="CreateTask called" func="TODOLIST_Tasks/app/internal/tasks/handlers.(*Handler).Create()" file="handler.go:54" handler=tasks
time="2025-04-29T10:03:43+03:00" level=info msg="CreateTask called" func="TODOLIST_Tasks/app/internal/tasks/handlers.(*Handler).Create()" file="handler.go:54" handler=tasks
time="2025-04-29T10:09:10+03:00" level=info msg="CreateTask called" func="TODOLIST_Tasks/app/internal/tasks/handlers.(*Handler).Create()" file="handler.go:54" handler=tasks
time="2025-04-29T10:16:36+03:00" level=info msg="CreateTask called" func="TODOLIST_Tasks/app/internal/tasks/handlers.(*Handler).Create()" file="handler.go:54" handler=tasks
time="2025-04-29T10:18:20+03:00" level=info msg="CreateTask called" func="TODOLIST_Tasks/app/internal/tasks/handlers.(*Handler).Create()" file="handler.go:54" handler=tasks
time="2025-04-29T10:23:52+03:00" level=info msg="CreateTask called" func="TODOLIST_Tasks/app/internal/tasks/handlers.(*Handler).Create()" file="handler.go:54" handler=tasks
time="2025-04-29T10:24:49+03:00" level=info msg="CreateTask called" func="TODOLIST_Tasks/app/internal/tasks/handlers.(*Handler).Create()" file="handler.go:54" handler=tasks
time="2025-04-29T10:25:08+03:00" level=info msg="CreateTask called" func="TODOLIST_Tasks/app/internal/tasks/handlers.(*Handler).Create()" file="handler.go:54" handler=tasks
time="2025-04-29T10:25:52+03:00" level=info msg="CreateTask called" func="TODOLIST_Tasks/app/internal/tasks/handlers.(*Handler).Create()" file="handler.go:54" handler=tasks
time="2025-04-29T10:26:00+03:00" level=info msg="CreateTask called" func="TODOLIST_Tasks/app/internal/tasks/handlers.(*Handler).Create()" file="handler.go:54" handler=tasks
time="2025-05-01T09:52:42+03:00" level=info msg="CreateTask called" func="TODOLIST_Tasks/app/internal/tasks/handlers.(*Handler).Create()" file="handler.go:54" handler=tasks
time="2025-05-01T09:53:03+03:00" level=info msg="CreateTask called" func="TODOLIST_Tasks/app/internal/tasks/handlers.(*Handler).Create()" file="handler.go:54" handler=tasks
time="2025-05-01T09:53:41+03:00" level=info msg="CreateTask called" func="TODOLIST_Tasks/app/internal/tasks/handlers.(*Handler).Create()" file="handler.go:54" handler=tasks
time="2025-05-01T10:36:27+03:00" level=info msg="CreateTask called" func="TODOLIST_Tasks/app/internal/tasks/handlers.(*Handler).Create()" file="handler.go:54" handler=tasks
time="2025-05-01T10:46:01+03:00" level=info msg="CreateTask called" func="TODOLIST_Tasks/app/internal/tasks/handlers.(*Handler).Create()" file="handler.go:54" handler=tasks
time="2025-05-01T10:47:34+03:00" level=info msg="CreateTask called" func="TODOLIST_Tasks/app/internal/tasks/handlers.(*Handler).Create()" file="handler.go:54" handler=tasks
time="2025-05-01T10:50:04+03:00" level=info msg="CreateTask called" func="TODOLIST_Tasks/app/internal/tasks/handlers.(*Handler).Create()" file="handler.go:54" handler=tasks
time="2025-05-01T10:50:04+03:00" level=error msg="failed to unmarshal request body: invalid due_date format: parsing time \"2025-03-01T15:40:00Z\" as \"2006-01-02 15:04\": cannot parse \"T15:40:00Z\" as \" \"" func="TODOLIST_Tasks/app/internal/tasks/handlers.(*Handler).Create()" file="handler.go:74" handler=tasks
time="2025-05-01T10:53:18+03:00" level=info msg="CreateTask called" func="TODOLIST_Tasks/app/internal/tasks/handlers.(*Handler).Create()" file="handler.go:54" handler=tasks
time="2025-05-01T10:56:24+03:00" level=info msg="CreateTask called" func="TODOLIST_Tasks/app/internal/tasks/handlers.(*Handler).Create()" file="handler.go:54" handler=tasks
time="2025-05-01T10:58:25+03:00" level=info msg="CreateTask called" func="TODOLIST_Tasks/app/internal/tasks/handlers.(*Handler).Create()" file="handler.go:54" handler=tasks
time="2025-05-01T11:05:21+03:00" level=info msg="CreateTask called" func="TODOLIST_Tasks/app/internal/tasks/handlers.(*Handler).Create()" file="handler.go:54" handler=tasks
time="2025-05-01T11:13:06+03:00" level=info msg="CreateTask called" func="TODOLIST_Tasks/app/internal/tasks/handlers.(*Handler).Create()" file="handler.go:54" handler=tasks
time="2025-05-01T11:15:48+03:00" level=info msg="CreateTask called" func="TODOLIST_Tasks/app/internal/tasks/handlers.(*Handler).Create()" file="handler.go:54" handler=tasks
time="2025-05-01T11:25:15+03:00" level=info msg="CreateTask called" func="TODOLIST_Tasks/app/internal/tasks/handlers.(*Handler).Create()" file="handler.go:54" handler=tasks
time="2025-05-01T11:27:41+03:00" level=info msg="CreateTask called" func="TODOLIST_Tasks/app/internal/tasks/handlers.(*Handler).Create()" file="handler.go:54" handler=tasks
time="2025-05-04T19:33:17+03:00" level=info msg="CreateTask called" func="TODOLIST_Tasks/app/internal/tasks/handlers.(*Handler).Create()" file="handler.go:54" handler=tasks
time="2025-05-04T19:33:36+03:00" level=info msg="CreateTask called" func="TODOLIST_Tasks/app/internal/tasks/handlers.(*Handler).Create()" file="handler.go:54" handler=tasks
time="2025-05-07T13:44:11+03:00" level=info msg="CreateTask called" func="TODOLIST_Tasks/app/internal/tasks/handlers.(*Handler).Create()" file="handler.go:54" handler=tasks
time="2025-05-07T13:45:29+03:00" level=info msg="CreateTask called" func="TODOLIST_Tasks/app/internal/tasks/handlers.(*Handler).Create()" file="handler.go:54" handler=tasks
time="2025-05-07T13:58:42+03:00" level=info msg="CreateTask called" func="TODOLIST_Tasks/app/internal/tasks/handlers.(*Handler).Create()" file="handler.go:54" handler=tasks
time="2025-05-07T14:05:10+03:00" level=info msg="CreateTask called" func="TODOLIST_Tasks/app/internal/tasks/handlers.(*Handler).Create()" file="handler.go:54" handler=tasks
time="2025-05-07T14:14:27+03:00" level=info msg="CreateTask called" func="TODOLIST_Tasks/app/internal/tasks/handlers.(*Handler).Create()" file="handler.go:54" handler=tasks
time="2025-05-07T14:14:27+03:00" level=info msg="Task created successfully with ID: some-task-id" func="TODOLIST_Tasks/app/internal/tasks/handlers.(*Handler).Create()" file="handler.go:99" handler=tasks
time="2025-05-07T14:18:54+03:00" level=info msg="CreateTask called" func="TODOLIST_Tasks/app/internal/tasks/handlers.(*Handler).Create()" file="handler.go:54" handler=tasks
time="2025-05-07T14:24:06+03:00" level=info msg="Task created successfully with ID: some-task-id" func="TODOLIST_Tasks/app/internal/tasks/handlers.(*Handler).Create()" file="handler.go:99" handler=tasks
time="2025-05-07T14:25:02+03:00" level=info msg="CreateTask called" func="TODOLIST_Tasks/app/internal/tasks/handlers.(*Handler).Create()" file="handler.go:54" handler=tasks
time="2025-05-07T14:25:02+03:00" level=info msg="Task created successfully with ID: some-task-id" func="TODOLIST_Tasks/app/internal/tasks/handlers.(*Handler).Create()" file="handler.go:99" handler=tasks
time="2025-05-07T14:26:47+03:00" level=info msg="CreateTask called" func="TODOLIST_Tasks/app/internal/tasks/handlers.(*Handler).Create()" file="handler.go:54" handler=tasks
time="2025-05-07T14:28:03+03:00" level=info msg="Task created successfully with ID: some-task-id" func="TODOLIST_Tasks/app/internal/tasks/handlers.(*Handler).Create()" file="handler.go:99" handler=tasks
time="2025-05-07T14:28:24+03:00" level=info msg="CreateTask called" func="TODOLIST_Tasks/app/internal/tasks/handlers.(*Handler).Create()" file="handler.go:54" handler=tasks
time="2025-05-07T14:29:54+03:00" level=info msg="Task created successfully with ID: some-task-id" func="TODOLIST_Tasks/app/internal/tasks/handlers.(*Handler).Create()" file="handler.go:99" handler=tasks
time="2025-05-07T14:35:01+03:00" level=info msg="CreateTask called" func="TODOLIST_Tasks/app/internal/tasks/handlers.(*Handler).Create()" file="handler.go:54" handler=tasks
time="2025-05-07T14:35:33+03:00" level=info msg="Task created successfully with ID: some-task-id" func="TODOLIST_Tasks/app/internal/tasks/handlers.(*Handler).Create()" file="handler.go:99" handler=tasks
time="2025-05-07T14:46:18+03:00" level=info msg="CreateTask called" func="TODOLIST_Tasks/app/internal/tasks/handlers.(*Handler).Create()" file="handler.go:54" handler=tasks
time="2025-05-07T14:46:51+03:00" level=info msg="Task created successfully with ID: some-task-id" func="TODOLIST_Tasks/app/internal/tasks/handlers.(*Handler).Create()" file="handler.go:99" handler=tasks
time="2025-05-07T14:49:32+03:00" level=info msg="CreateTask called" func="TODOLIST_Tasks/app/internal/tasks/handlers.(*Handler).Create()" file="handler.go:54" handler=tasks
time="2025-05-07T14:49:32+03:00" level=info msg="Task created successfully with ID: some-task-id" func="TODOLIST_Tasks/app/internal/tasks/handlers.(*Handler).Create()" file="handler.go:99" handler=tasks
time="2025-05-07T14:54:54+03:00" level=info msg="CreateTask called" func="TODOLIST_Tasks/app/internal/tasks/handlers.(*Handler).Create()" file="handler.go:54" handler=tasks
time="2025-05-07T14:57:10+03:00" level=info msg="Task created successfully with ID: some-task-id" func="TODOLIST_Tasks/app/internal/tasks/handlers.(*Handler).Create()" file="handler.go:99" handler=tasks
time="2025-05-07T14:59:14+03:00" level=info msg="CreateTask called" func="TODOLIST_Tasks/app/internal/tasks/handlers.(*Handler).Create()" file="handler.go:54" handler=tasks
time="2025-05-07T15:13:25+03:00" level=info msg="Task created successfully with ID: some-task-id" func="TODOLIST_Tasks/app/internal/tasks/handlers.(*Handler).Create()" file="handler.go:99" handler=tasks
